<?xml version="1.0" encoding="UTF-8"?>
<!-- Generated by org.testng.reporters.JUnitXMLReporter -->
<testsuite hostname="DESKTOP-NQU1HM3" ignored="0" name="Test" tests="3" failures="0" timestamp="2022-06-23T20:23:50 BST" time="0.052" errors="0">
  <testcase name="SkinDepartment" time="0.009" classname="org.testingbatch.anjali.TestNGSkinDepartment"/>
  <testcase name="method" time="0.006" classname="org.testingbatch.anjali.TestingNGtest1"/>
  <testcase name="Pediatrician" time="0.001" classname="org.testingbatch.anjali.TestNGPediatrician"/>
</testsuite> <!-- Test -->
